[ 2024-07-23 23:20:39,549 ] 19 root - INFO - Logger initialized successfully
[ 2024-07-23 23:20:40,559 ] 148 numexpr.utils - INFO - Note: NumExpr detected 12 cores but "NUMEXPR_MAX_THREADS" not set, so enforcing safe limit of 8.
[ 2024-07-23 23:20:40,559 ] 160 numexpr.utils - INFO - NumExpr defaulting to 8 threads.
[ 2024-07-23 23:20:41,433 ] 13 root - INFO - Starting data transformation process
[ 2024-07-23 23:20:41,437 ] 71 root - INFO - Read train and test data completed
[ 2024-07-23 23:20:41,444 ] 72 root - INFO - Train Dataframe Head : 
                        _id  mean radius  mean texture  mean perimeter  mean area  mean smoothness  mean compactness  mean concavity  mean concave points  mean symmetry  mean fractal dimension  radius error  texture error  perimeter error  area error  smoothness error  compactness error  concavity error  concave points error  symmetry error  fractal dimension error  worst radius  worst texture  worst perimeter  worst area  worst smoothness  worst compactness  worst concavity  worst concave points  worst symmetry  worst fractal dimension  target
0  669f56293107cc8252a70814        16.26         21.88          107.50      826.8          0.11650           0.12830        0.179900             0.079810         0.1869                 0.06532        0.5706         1.4570            2.961       57.72          0.010560           0.037560         0.058390              0.011860         0.04022                 0.006187         17.73          25.21           113.70       975.2            0.1426            0.21160          0.33440               0.10470          0.2736                  0.07953       0
1  669f56293107cc8252a70728        13.45         18.30           86.60      555.1          0.10220           0.08165        0.039740             0.027800         0.1638                 0.05710        0.2950         1.3730            2.099       25.22          0.005884           0.014910         0.018720              0.009366         0.01884                 0.001817         15.10          25.94            97.59       699.4            0.1339            0.17510          0.13810               0.07911          0.2678                  0.06603       1
2  669f56293107cc8252a70758        16.11         18.05          105.10      813.0          0.09721           0.11370        0.094470             0.059430         0.1861                 0.06248        0.7049         1.3320            4.533       74.08          0.006770           0.019380         0.030670              0.011670         0.01875                 0.003434         19.92          25.27           129.00      1233.0            0.1314            0.22360          0.28020               0.12160          0.2792                  0.08158       0
3  669f56293107cc8252a70777        15.46         11.89          102.50      736.9          0.12570           0.15550        0.203200             0.109700         0.1966                 0.07069        0.4209         0.6583            2.805       44.64          0.005393           0.023210         0.043030              0.013200         0.01792                 0.004168         18.79          17.04           125.00      1102.0            0.1531            0.35830          0.58300               0.18270          0.3216                  0.10100       0
4  669f56293107cc8252a70800        13.05         13.84           82.71      530.6          0.08352           0.03735        0.004559             0.008829         0.1453                 0.05518        0.3975         0.8285            2.567       33.01          0.004148           0.004711         0.002831              0.004821         0.01422                 0.002273         14.73          17.40            93.96       672.4            0.1016            0.05847          0.01824               0.03532          0.2107                  0.06580       1
[ 2024-07-23 23:20:41,460 ] 73 root - INFO - Test Dataframe Head  : 
                        _id  mean radius  mean texture  mean perimeter  mean area  mean smoothness  mean compactness  mean concavity  mean concave points  mean symmetry  mean fractal dimension  radius error  texture error  perimeter error  area error  smoothness error  compactness error  concavity error  concave points error  symmetry error  fractal dimension error  worst radius  worst texture  worst perimeter  worst area  worst smoothness  worst compactness  worst concavity  worst concave points  worst symmetry  worst fractal dimension  target
0  669f56293107cc8252a707c1        13.20         17.43           84.13      541.6          0.07215           0.04524         0.04336              0.01105         0.1487                 0.05635        0.1630         1.6010            0.873       13.56          0.006261           0.015690         0.030790              0.005383         0.01962                 0.002250         13.94          27.82            88.28       602.0            0.1101            0.15080          0.22980               0.04970          0.2767                  0.07198       1
1  669f56293107cc8252a7073c        10.51         20.19           68.64      334.2          0.11220           0.13030         0.06476              0.03068         0.1922                 0.07782        0.3336         1.8600            2.041       19.91          0.011880           0.037470         0.045910              0.015440         0.02287                 0.006792         11.16          22.75            72.62       374.4            0.1300            0.20490          0.12950               0.06136          0.2383                  0.09026       1
2  669f56293107cc8252a70770        14.97         19.76           95.50      690.2          0.08421           0.05352         0.01947              0.01939         0.1515                 0.05266        0.1840         1.0650            1.286       16.64          0.003634           0.007983         0.008268              0.006432         0.01924                 0.001520         15.98          25.82           102.30       782.1            0.1045            0.09995          0.07750               0.05754          0.2646                  0.06085       1
3  669f56293107cc8252a707b6        14.03         21.25           89.79      603.4          0.09070           0.06945         0.01462              0.01896         0.1517                 0.05835        0.2589         1.5030            1.667       22.07          0.007389           0.013830         0.007302              0.010040         0.01263                 0.002925         15.33          30.28            98.27       715.5            0.1287            0.15130          0.06231               0.07963          0.2226                  0.07617       1
4  669f56293107cc8252a707d2        15.61         19.38          100.00      758.6          0.07840           0.05616         0.04209              0.02847         0.1547                 0.05443        0.2298         0.9988            1.534       22.18          0.002826           0.009105         0.013110              0.005174         0.01013                 0.001345         17.91          31.67           115.90       988.6            0.1084            0.18070          0.22600               0.08568          0.2683                  0.06829       0
[ 2024-07-23 23:20:41,460 ] 74 root - INFO - Obtaining preprocessing object
[ 2024-07-23 23:20:41,460 ] 31 root - INFO - Data Transformation initiated
[ 2024-07-23 23:20:41,460 ] 44 root - INFO - Pipeline Initiated
[ 2024-07-23 23:20:41,460 ] 58 root - INFO - Pipeline Completed
[ 2024-07-23 23:20:41,467 ] 92 root - INFO - Applying preprocessing object on training and testing datasets.
[ 2024-07-23 23:20:41,468 ] 101 root - INFO - Processsor pickle in created and saved
[ 2024-07-23 23:20:41,468 ] 22 root - INFO - Data transformation completed
[ 2024-07-23 23:20:41,468 ] 24 root - INFO - Starting model training process
[ 2024-07-23 23:20:41,468 ] 25 root - INFO - Splitting dependent and independent variables from train and test data
[ 2024-07-23 23:20:41,483 ] 44 root - INFO - Model Report: {'LinearRegression': 0.7010303613343355, 'Lasso': -0.003171562607097611, 'Ridge': 0.6986688324815281, 'ElasticNet': -0.003171562607097611, 'DecisionTree': 0.7300516647531573}
[ 2024-07-23 23:20:41,484 ] 57 root - INFO - Best Model Found, Model Name: DecisionTree, R2 Score: 0.7300516647531573
[ 2024-07-23 23:20:41,485 ] 27 root - INFO - Model training completed
